<?xml version="1.0" encoding="UTF-8"?>
<!-- Generated by org.testng.reporters.JUnitReportReporter -->
<testsuite skipped="0" hostname="Tariks-MacBook-Air.local" name="class03.LoginTest" tests="2" failures="0" timestamp="2022-05-11T22:47:24 EDT" time="13.231" errors="0">
  <testcase name="verifyCredentials" time="8.261" classname="class03.LoginTest"/>
  <system-out/>
  <testcase name="verifyCredentials2" time="4.970" classname="class03.LoginTest"/>
  <system-out/>
</testsuite> <!-- class03.LoginTest -->
